<?xml version="1.0" encoding="UTF-8"?>
<!-- Generated by org.testng.reporters.JUnitReportReporter -->
<testsuite skipped="0" hostname="LAPTOP-U1PV3I08" name="Testpackage.HelloWorld" tests="1" failures="0" timestamp="2021-10-14T10:14:35 IST" time="0.014" errors="0">
  <testcase name="hello" time="0.014" classname="Testpackage.HelloWorld"/>
  <system-out/>
</testsuite> <!-- Testpackage.HelloWorld -->
