<?xml version="1.0" encoding="UTF-8"?>
<!-- Generated by org.testng.reporters.JUnitReportReporter -->
<testsuite skipped="0" hostname="LAPTOP-U1PV3I08" name="Testpackage.LoginAmazon" tests="2" failures="0" timestamp="2021-10-21T18:02:02 IST" time="10.845" errors="0">
  <testcase name="check" time="3.181" classname="Testpackage.LoginAmazon"/>
  <system-out/>
  <testcase name="check" time="7.664" classname="Testpackage.LoginAmazon"/>
  <system-out/>
</testsuite> <!-- Testpackage.LoginAmazon -->
